2025-02-04T16:15:42.989+05:30  INFO 61065 --- [HomieFix] [restartedMain] com.sart.HomieFix.HomieFixApplication    : Starting HomieFixApplication using Java 17.0.13 with PID 61065 (/Users/shajai/Documents/GitHub/HomieFIxWebApi/target/classes started by shajai in /Users/shajai/Documents/GitHub/HomieFIxWebApi)
2025-02-04T16:15:42.994+05:30  INFO 61065 --- [HomieFix] [restartedMain] com.sart.HomieFix.HomieFixApplication    : No active profile set, falling back to 1 default profile: "default"
2025-02-04T16:15:43.041+05:30  INFO 61065 --- [HomieFix] [restartedMain] .e.DevToolsPropertyDefaultsPostProcessor : Devtools property defaults active! Set 'spring.devtools.add-properties' to 'false' to disable
2025-02-04T16:15:43.041+05:30  INFO 61065 --- [HomieFix] [restartedMain] .e.DevToolsPropertyDefaultsPostProcessor : For additional web related logging consider setting the 'logging.level.web' property to 'DEBUG'
2025-02-04T16:15:43.601+05:30  INFO 61065 --- [HomieFix] [restartedMain] .s.d.r.c.RepositoryConfigurationDelegate : Bootstrapping Spring Data JPA repositories in DEFAULT mode.
2025-02-04T16:15:43.650+05:30  INFO 61065 --- [HomieFix] [restartedMain] .s.d.r.c.RepositoryConfigurationDelegate : Finished Spring Data repository scanning in 43 ms. Found 10 JPA repository interfaces.
2025-02-04T16:15:44.038+05:30  INFO 61065 --- [HomieFix] [restartedMain] o.s.b.w.embedded.tomcat.TomcatWebServer  : Tomcat initialized with port 1111 (http)
2025-02-04T16:15:44.048+05:30  INFO 61065 --- [HomieFix] [restartedMain] o.apache.catalina.core.StandardService   : Starting service [Tomcat]
2025-02-04T16:15:44.048+05:30  INFO 61065 --- [HomieFix] [restartedMain] o.apache.catalina.core.StandardEngine    : Starting Servlet engine: [Apache Tomcat/10.1.34]
2025-02-04T16:15:44.077+05:30  INFO 61065 --- [HomieFix] [restartedMain] o.a.c.c.C.[Tomcat].[localhost].[/]       : Initializing Spring embedded WebApplicationContext
2025-02-04T16:15:44.077+05:30  INFO 61065 --- [HomieFix] [restartedMain] w.s.c.ServletWebServerApplicationContext : Root WebApplicationContext: initialization completed in 1036 ms
2025-02-04T16:15:44.186+05:30  INFO 61065 --- [HomieFix] [restartedMain] o.hibernate.jpa.internal.util.LogHelper  : HHH000204: Processing PersistenceUnitInfo [name: default]
2025-02-04T16:15:44.230+05:30  INFO 61065 --- [HomieFix] [restartedMain] org.hibernate.Version                    : HHH000412: Hibernate ORM core version 6.6.5.Final
2025-02-04T16:15:44.257+05:30  INFO 61065 --- [HomieFix] [restartedMain] o.h.c.internal.RegionFactoryInitiator    : HHH000026: Second-level cache disabled
2025-02-04T16:15:44.445+05:30  INFO 61065 --- [HomieFix] [restartedMain] o.s.o.j.p.SpringPersistenceUnitInfo      : No LoadTimeWeaver setup: ignoring JPA class transformer
2025-02-04T16:15:44.464+05:30  INFO 61065 --- [HomieFix] [restartedMain] com.zaxxer.hikari.HikariDataSource       : HikariPool-1 - Starting...
2025-02-04T16:15:54.172+05:30  INFO 61065 --- [HomieFix] [restartedMain] com.zaxxer.hikari.pool.HikariPool        : HikariPool-1 - Added connection com.mysql.cj.jdbc.ConnectionImpl@227eb792
2025-02-04T16:15:54.173+05:30  INFO 61065 --- [HomieFix] [restartedMain] com.zaxxer.hikari.HikariDataSource       : HikariPool-1 - Start completed.
2025-02-04T16:15:54.917+05:30  INFO 61065 --- [HomieFix] [restartedMain] org.hibernate.orm.connections.pooling    : HHH10001005: Database info:
	Database JDBC URL [Connecting through datasource 'HikariDataSource (HikariPool-1)']
	Database driver: undefined/unknown
	Database version: 8.0.35
	Autocommit mode: undefined/unknown
	Isolation level: undefined/unknown
	Minimum pool size: undefined/unknown
	Maximum pool size: undefined/unknown
2025-02-04T16:15:55.591+05:30  INFO 61065 --- [HomieFix] [restartedMain] o.h.e.t.j.p.i.JtaPlatformInitiator       : HHH000489: No JTA platform available (set 'hibernate.transaction.jta.platform' to enable JTA platform integration)
2025-02-04T16:16:04.715+05:30  INFO 61065 --- [HomieFix] [restartedMain] j.LocalContainerEntityManagerFactoryBean : Initialized JPA EntityManagerFactory for persistence unit 'default'
2025-02-04T16:16:05.398+05:30  INFO 61065 --- [HomieFix] [restartedMain] o.s.b.d.a.OptionalLiveReloadServer       : LiveReload server is running on port 35729
2025-02-04T16:16:05.426+05:30  INFO 61065 --- [HomieFix] [restartedMain] o.s.b.w.embedded.tomcat.TomcatWebServer  : Tomcat started on port 1111 (http) with context path '/'
2025-02-04T16:16:05.435+05:30  INFO 61065 --- [HomieFix] [restartedMain] com.sart.HomieFix.HomieFixApplication    : Started HomieFixApplication in 22.897 seconds (process running for 23.435)
2025-02-04T16:20:46.218+05:30  INFO 61065 --- [HomieFix] [SpringApplicationShutdownHook] o.s.b.w.e.tomcat.GracefulShutdown        : Commencing graceful shutdown. Waiting for active requests to complete
2025-02-04T16:20:46.233+05:30  INFO 61065 --- [HomieFix] [tomcat-shutdown] o.s.b.w.e.tomcat.GracefulShutdown        : Graceful shutdown complete
2025-02-04T16:20:46.239+05:30  INFO 61065 --- [HomieFix] [SpringApplicationShutdownHook] j.LocalContainerEntityManagerFactoryBean : Closing JPA EntityManagerFactory for persistence unit 'default'
2025-02-04T16:20:46.244+05:30  INFO 61065 --- [HomieFix] [SpringApplicationShutdownHook] com.zaxxer.hikari.HikariDataSource       : HikariPool-1 - Shutdown initiated...
2025-02-04T16:20:46.255+05:30  INFO 61065 --- [HomieFix] [SpringApplicationShutdownHook] com.zaxxer.hikari.HikariDataSource       : HikariPool-1 - Shutdown completed.
